# JRE version: OpenJDK Runtime Environment (21.0.9) (build 21.0.9+-14787801-b1163.94)
# Java VM: OpenJDK 64-Bit Server VM (21.0.9+-14787801-b1163.94, mixed mode, tiered, compressed oops, compressed class ptrs, g1 gc, windows-amd64)
GC Precious Log:
 CardTable entry size: 512
 Card Set container configuration: InlinePtr #cards 5 size 8 Array Of Cards #cards 12 size 40 Howl #buckets 4 coarsen threshold 1843 Howl Bitmap #cards 512 size 80 coarsen threshold 460 Card regions per heap region 1 cards per card region 2048
 CPUs: 8 total, 8 available
 Memory: 12092M
 Large Page Support: Disabled
 NUMA Support: Disabled
 Compressed Oops: Enabled (32-bit)
 Heap Region Size: 1M
 Heap Min Capacity: 8M
 Heap Initial Capacity: 190M
 Heap Max Capacity: 2G
 Pre-touch: Disabled
 Parallel Workers: 8
 Concurrent Workers: 2
 Concurrent Refinement Workers: 8
 Periodic GC: Disabled
Heap:
 garbage-first heap   total 83968K, used 64959K [0x0000000080000000, 0x0000000100000000)
  region size 1024K, 47 young (48128K), 6 survivors (6144K)
 Metaspace       used 35203K, committed 35968K, reserved 1114112K
  class space    used 4870K, committed 5248K, reserved 1048576K
GC Heap History (11 events):
Event: 0.599 GC heap before
{Heap before GC invocations=0 (full 0):
 garbage-first heap   total 194560K, used 22528K [0x0000000080000000, 0x0000000100000000)
  region size 1024K, 23 young (23552K), 0 survivors (0K)
 Metaspace       used 7888K, committed 8000K, reserved 1114112K
  class space    used 736K, committed 768K, reserved 1048576K
}
Event: 0.602 GC heap after
{Heap after GC invocations=1 (full 0):
 garbage-first heap   total 194560K, used 1344K [0x0000000080000000, 0x0000000100000000)
  region size 1024K, 2 young (2048K), 2 survivors (2048K)
 Metaspace       used 7888K, committed 8000K, reserved 1114112K
  class space    used 736K, committed 768K, reserved 1048576K
}
Event: 1.406 GC heap before
{Heap before GC invocations=1 (full 0):
 garbage-first heap   total 194560K, used 42304K [0x0000000080000000, 0x0000000100000000)
  region size 1024K, 39 young (39936K), 2 survivors (2048K)
 Metaspace       used 11595K, committed 11776K, reserved 1114112K
  class space    used 1250K, committed 1344K, reserved 1048576K
}
Event: 1.411 GC heap after
{Heap after GC invocations=2 (full 0):
 garbage-first heap   total 194560K, used 10943K [0x0000000080000000, 0x0000000100000000)
  region size 1024K, 5 young (5120K), 5 survivors (5120K)
 Metaspace       used 11595K, committed 11776K, reserved 1114112K
  class space    used 1250K, committed 1344K, reserved 1048576K
}
Event: 2.712 GC heap before
{Heap before GC invocations=2 (full 0):
 garbage-first heap   total 194560K, used 123583K [0x0000000080000000, 0x0000000100000000)
  region size 1024K, 114 young (116736K), 5 survivors (5120K)
 Metaspace       used 17540K, committed 17856K, reserved 1114112K
  class space    used 2056K, committed 2176K, reserved 1048576K
}
Event: 2.721 GC heap after
{Heap after GC invocations=3 (full 0):
 garbage-first heap   total 194560K, used 19135K [0x0000000080000000, 0x0000000100000000)
  region size 1024K, 12 young (12288K), 12 survivors (12288K)
 Metaspace       used 17540K, committed 17856K, reserved 1114112K
  class space    used 2056K, committed 2176K, reserved 1048576K
}
Event: 3.113 GC heap before
{Heap before GC invocations=3 (full 0):
 garbage-first heap   total 194560K, used 30399K [0x0000000080000000, 0x0000000100000000)
  region size 1024K, 24 young (24576K), 12 survivors (12288K)
 Metaspace       used 21217K, committed 21504K, reserved 1114112K
  class space    used 2500K, committed 2624K, reserved 1048576K
}
Event: 3.119 GC heap after
{Heap after GC invocations=4 (full 0):
 garbage-first heap   total 194560K, used 20793K [0x0000000080000000, 0x0000000100000000)
  region size 1024K, 9 young (9216K), 9 survivors (9216K)
 Metaspace       used 21217K, committed 21504K, reserved 1114112K
  class space    used 2500K, committed 2624K, reserved 1048576K
}
Event: 4.258 GC heap before
{Heap before GC invocations=5 (full 0):
 garbage-first heap   total 71680K, used 70969K [0x0000000080000000, 0x0000000100000000)
  region size 1024K, 58 young (59392K), 9 survivors (9216K)
 Metaspace       used 29528K, committed 30080K, reserved 1114112K
  class space    used 3865K, committed 4096K, reserved 1048576K
}
Event: 4.266 GC heap after
{Heap after GC invocations=6 (full 0):
 garbage-first heap   total 83968K, used 23552K [0x0000000080000000, 0x0000000100000000)
  region size 1024K, 5 young (5120K), 5 survivors (5120K)
 Metaspace       used 29528K, committed 30080K, reserved 1114112K
  class space    used 3865K, committed 4096K, reserved 1048576K
}
Event: 5.328 GC heap before
{Heap before GC invocations=6 (full 0):
 garbage-first heap   total 83968K, used 64512K [0x0000000080000000, 0x0000000100000000)
  region size 1024K, 46 young (47104K), 5 survivors (5120K)
 Metaspace       used 35203K, committed 35968K, reserved 1114112K
  class space    used 4870K, committed 5248K, reserved 1048576K
}

